[01m[K/home/nimesh/dev/anscer_PS/src/localiser/src/AMR.cpp:[m[K In constructor ‘[01m[KAMR::AMR(ros::NodeHandle)[m[K’:
[01m[K/home/nimesh/dev/anscer_PS/src/localiser/src/AMR.cpp:33:59:[m[K [01;31m[Kerror: [m[Kinvalid use of incomplete type ‘[01m[Kclass rosbag::View[m[K’
   33 |     for (rosbag::MessageInstance const m: rosbag::View(bag[01;31m[K)[m[K) {
      |                                                           [01;31m[K^[m[K
In file included from [01m[K/home/nimesh/dev/anscer_PS/src/localiser/src/AMR.h:8[m[K,
                 from [01m[K/home/nimesh/dev/anscer_PS/src/localiser/src/AMR.cpp:1[m[K:
[01m[K/opt/ros/noetic/include/rosbag/bag.h:96:7:[m[K [01;36m[Knote: [m[Kforward declaration of ‘[01m[Kclass rosbag::View[m[K’
   96 | class [01;36m[KView[m[K;
      |       [01;36m[K^~~~[m[K
[01m[K/home/nimesh/dev/anscer_PS/src/localiser/src/AMR.cpp:36:51:[m[K [01;31m[Kerror: [m[K‘[01m[Kconst struct geometry_msgs::Pose_<std::allocator<void> >[m[K’ has no member named ‘[01m[Kdata[m[K’
   36 |             init_pose.pose.pose.position.x = p -> [01;31m[Kdata[m[K -> position -> x;
      |                                                   [01;31m[K^~~~[m[K
[01m[K/home/nimesh/dev/anscer_PS/src/localiser/src/AMR.cpp:37:51:[m[K [01;31m[Kerror: [m[K‘[01m[Kconst struct geometry_msgs::Pose_<std::allocator<void> >[m[K’ has no member named ‘[01m[Kdata[m[K’
   37 |             init_pose.pose.pose.position.y = p -> [01;31m[Kdata[m[K -> position -> y;
      |                                                   [01;31m[K^~~~[m[K
[01m[K/home/nimesh/dev/anscer_PS/src/localiser/src/AMR.cpp:38:51:[m[K [01;31m[Kerror: [m[K‘[01m[Kconst struct geometry_msgs::Pose_<std::allocator<void> >[m[K’ has no member named ‘[01m[Kdata[m[K’
   38 |             init_pose.pose.pose.position.z = p -> [01;31m[Kdata[m[K -> position -> z;
      |                                                   [01;31m[K^~~~[m[K
[01m[K/home/nimesh/dev/anscer_PS/src/localiser/src/AMR.cpp:[m[K In member function ‘[01m[Kvoid AMR::write_pose_file()[m[K’:
[01m[K/home/nimesh/dev/anscer_PS/src/localiser/src/AMR.cpp:94:26:[m[K [01;31m[Kerror: [m[K‘[01m[Krosbad[m[K’ has not been declared
   94 |     bag.open("test.bag", [01;31m[Krosbad[m[K::bagmode::Write);
      |                          [01;31m[K^~~~~~[m[K
make[2]: *** [CMakeFiles/AMR_CLASS.dir/build.make:63: CMakeFiles/AMR_CLASS.dir/src/AMR.cpp.o] Error 1
make[1]: *** [CMakeFiles/Makefile2:157: CMakeFiles/AMR_CLASS.dir/all] Error 2
make: *** [Makefile:141: all] Error 2
