/usr/bin/ld: /home/nimesh/dev/anscer_PS/devel/.private/localiser/lib/libAMR_CLASS.so: undefined reference to `rosbag::Bag::Bag()'
/usr/bin/ld: /home/nimesh/dev/anscer_PS/devel/.private/localiser/lib/libAMR_CLASS.so: undefined reference to `rosbag::View::begin()'
/usr/bin/ld: /home/nimesh/dev/anscer_PS/devel/.private/localiser/lib/libAMR_CLASS.so: undefined reference to `rosbag::Bag::write(char const*, long)'
/usr/bin/ld: /home/nimesh/dev/anscer_PS/devel/.private/localiser/lib/libAMR_CLASS.so: undefined reference to `rosbag::ChunkedFile::getOffset() const'
/usr/bin/ld: /home/nimesh/dev/anscer_PS/devel/.private/localiser/lib/libAMR_CLASS.so: undefined reference to `rosbag::View::iterator::increment()'
/usr/bin/ld: /home/nimesh/dev/anscer_PS/devel/.private/localiser/lib/libAMR_CLASS.so: undefined reference to `rosbag::Bag::appendConnectionRecordToBuffer(rosbag::Buffer&, rosbag::ConnectionInfo const*)'
/usr/bin/ld: /home/nimesh/dev/anscer_PS/devel/.private/localiser/lib/libAMR_CLASS.so: undefined reference to `rosbag::View::iterator::equal(rosbag::View::iterator const&) const'
/usr/bin/ld: /home/nimesh/dev/anscer_PS/devel/.private/localiser/lib/libAMR_CLASS.so: undefined reference to `rosbag::Bag::stopWritingChunk()'
/usr/bin/ld: /home/nimesh/dev/anscer_PS/devel/.private/localiser/lib/libAMR_CLASS.so: undefined reference to `rosbag::Bag::toHeaderString[abi:cxx11](ros::Time const*) const'
/usr/bin/ld: /home/nimesh/dev/anscer_PS/devel/.private/localiser/lib/libAMR_CLASS.so: undefined reference to `rosbag::Buffer::getSize() const'
/usr/bin/ld: /home/nimesh/dev/anscer_PS/devel/.private/localiser/lib/libAMR_CLASS.so: undefined reference to `rosbag::View::iterator::dereference() const'
/usr/bin/ld: /home/nimesh/dev/anscer_PS/devel/.private/localiser/lib/libAMR_CLASS.so: undefined reference to `rosbag::Bag::appendDataLengthToBuffer(rosbag::Buffer&, unsigned int)'
/usr/bin/ld: /home/nimesh/dev/anscer_PS/devel/.private/localiser/lib/libAMR_CLASS.so: undefined reference to `rosbag::MessageInstance::getMD5Sum[abi:cxx11]() const'
/usr/bin/ld: /home/nimesh/dev/anscer_PS/devel/.private/localiser/lib/libAMR_CLASS.so: undefined reference to `rosbag::Bag::appendHeaderToBuffer(rosbag::Buffer&, std::map<std::__cxx11::basic_string<char, std::char_traits<char>, std::allocator<char> >, std::__cxx11::basic_string<char, std::char_traits<char>, std::allocator<char> >, std::less<std::__cxx11::basic_string<char, std::char_traits<char>, std::allocator<char> > >, std::allocator<std::pair<std::__cxx11::basic_string<char, std::char_traits<char>, std::allocator<char> > const, std::__cxx11::basic_string<char, std::char_traits<char>, std::allocator<char> > > > > const&)'
/usr/bin/ld: /home/nimesh/dev/anscer_PS/devel/.private/localiser/lib/libAMR_CLASS.so: undefined reference to `rosbag::Bag::writeConnectionRecord(rosbag::ConnectionInfo const*, bool)'
/usr/bin/ld: /home/nimesh/dev/anscer_PS/devel/.private/localiser/lib/libAMR_CLASS.so: undefined reference to `rosbag::View::~View()'
/usr/bin/ld: /home/nimesh/dev/anscer_PS/devel/.private/localiser/lib/libAMR_CLASS.so: undefined reference to `rosbag::Bag::writeDataLength(unsigned int)'
/usr/bin/ld: /home/nimesh/dev/anscer_PS/devel/.private/localiser/lib/libAMR_CLASS.so: undefined reference to `rosbag::Bag::~Bag()'
/usr/bin/ld: /home/nimesh/dev/anscer_PS/devel/.private/localiser/lib/libAMR_CLASS.so: undefined reference to `rosbag::Bag::close()'
/usr/bin/ld: /home/nimesh/dev/anscer_PS/devel/.private/localiser/lib/libAMR_CLASS.so: undefined reference to `rosbag::Bag::readField(std::map<std::__cxx11::basic_string<char, std::char_traits<char>, std::allocator<char> >, std::__cxx11::basic_string<char, std::char_traits<char>, std::allocator<char> >, std::less<std::__cxx11::basic_string<char, std::char_traits<char>, std::allocator<char> > >, std::allocator<std::pair<std::__cxx11::basic_string<char, std::char_traits<char>, std::allocator<char> > const, std::__cxx11::basic_string<char, std::char_traits<char>, std::allocator<char> > > > > const&, std::__cxx11::basic_string<char, std::char_traits<char>, std::allocator<char> > const&, bool, std::__cxx11::basic_string<char, std::char_traits<char>, std::allocator<char> >&) const'
/usr/bin/ld: /home/nimesh/dev/anscer_PS/devel/.private/localiser/lib/libAMR_CLASS.so: undefined reference to `rosbag::Buffer::getData()'
/usr/bin/ld: /home/nimesh/dev/anscer_PS/devel/.private/localiser/lib/libAMR_CLASS.so: undefined reference to `rosbag::Bag::readMessageDataHeaderFromBuffer(rosbag::Buffer&, unsigned int, ros::Header&, unsigned int&, unsigned int&) const'
/usr/bin/ld: /home/nimesh/dev/anscer_PS/devel/.private/localiser/lib/libAMR_CLASS.so: undefined reference to `rosbag::Bag::writeHeader(std::map<std::__cxx11::basic_string<char, std::char_traits<char>, std::allocator<char> >, std::__cxx11::basic_string<char, std::char_traits<char>, std::allocator<char> >, std::less<std::__cxx11::basic_string<char, std::char_traits<char>, std::allocator<char> > >, std::allocator<std::pair<std::__cxx11::basic_string<char, std::char_traits<char>, std::allocator<char> > const, std::__cxx11::basic_string<char, std::char_traits<char>, std::allocator<char> > > > > const&)'
/usr/bin/ld: /home/nimesh/dev/anscer_PS/devel/.private/localiser/lib/libAMR_CLASS.so: undefined reference to `rosbag::View::View(rosbag::Bag const&, ros::Time const&, ros::Time const&, bool const&)'
/usr/bin/ld: /home/nimesh/dev/anscer_PS/devel/.private/localiser/lib/libAMR_CLASS.so: undefined reference to `rosbag::Buffer::setSize(unsigned int)'
/usr/bin/ld: /home/nimesh/dev/anscer_PS/devel/.private/localiser/lib/libAMR_CLASS.so: undefined reference to `rosbag::Bag::open(std::__cxx11::basic_string<char, std::char_traits<char>, std::allocator<char> > const&, unsigned int)'
/usr/bin/ld: /home/nimesh/dev/anscer_PS/devel/.private/localiser/lib/libAMR_CLASS.so: undefined reference to `rosbag::Bag::getChunkOffset() const'
/usr/bin/ld: /home/nimesh/dev/anscer_PS/devel/.private/localiser/lib/libAMR_CLASS.so: undefined reference to `rosbag::Bag::readMessageDataRecord102(unsigned long, ros::Header&) const'
/usr/bin/ld: /home/nimesh/dev/anscer_PS/devel/.private/localiser/lib/libAMR_CLASS.so: undefined reference to `rosbag::Bag::seek(unsigned long, int) const'
/usr/bin/ld: /home/nimesh/dev/anscer_PS/devel/.private/localiser/lib/libAMR_CLASS.so: undefined reference to `rosbag::View::end()'
/usr/bin/ld: /home/nimesh/dev/anscer_PS/devel/.private/localiser/lib/libAMR_CLASS.so: undefined reference to `rosbag::Bag::checkField(std::map<std::__cxx11::basic_string<char, std::char_traits<char>, std::allocator<char> >, std::__cxx11::basic_string<char, std::char_traits<char>, std::allocator<char> >, std::less<std::__cxx11::basic_string<char, std::char_traits<char>, std::allocator<char> > >, std::allocator<std::pair<std::__cxx11::basic_string<char, std::char_traits<char>, std::allocator<char> > const, std::__cxx11::basic_string<char, std::char_traits<char>, std::allocator<char> > > > > const&, std::__cxx11::basic_string<char, std::char_traits<char>, std::allocator<char> > const&, unsigned int, unsigned int, bool) const'
/usr/bin/ld: /home/nimesh/dev/anscer_PS/devel/.private/localiser/lib/libAMR_CLASS.so: undefined reference to `rosbag::Bag::startWritingChunk(ros::Time)'
/usr/bin/ld: /home/nimesh/dev/anscer_PS/devel/.private/localiser/lib/libAMR_CLASS.so: undefined reference to `rosbag::Bag::decompressChunk(unsigned long) const'
/usr/bin/ld: /home/nimesh/dev/anscer_PS/devel/.private/localiser/lib/libAMR_CLASS.so: undefined reference to `rosbag::View::iterator::~iterator()'
collect2: error: ld returned 1 exit status
make[2]: *** [CMakeFiles/poseManager.dir/build.make:102: /home/nimesh/dev/anscer_PS/devel/.private/localiser/lib/localiser/poseManager] Error 1
make[1]: *** [CMakeFiles/Makefile2:589: CMakeFiles/poseManager.dir/all] Error 2
make: *** [Makefile:141: all] Error 2
